<?xml version="1.0" encoding="UTF-8"?>
<!-- Generated by org.testng.reporters.JUnitXMLReporter -->
<testsuite hostname="DESKTOP-JVPBFQO" ignored="0" name="Default test" tests="5" failures="0" timestamp="11 Jul 2022 05:46:16 GMT" time="181.383" errors="0">
  <testcase name="login" time="6.976" classname="com.sample.LoginPage"/>
  <testcase name="login" time="0.88" classname="com.sample.LoginPage"/>
  <testcase name="login" time="1.354" classname="com.sample.LoginPage"/>
  <testcase name="login" time="1.581" classname="com.sample.LoginPage"/>
  <testcase name="login" time="1.024" classname="com.sample.LoginPage"/>
</testsuite> <!-- Default test -->
